2017-08-19 18:12 +08:00: Error: ENOENT: no such file or directory, open 'D:\gitHub\blog\config\ssl\2_www.xiaobaozong.cn.key'
    at Object.fs.openSync (fs.js:652:18)
    at Object.fs.readFileSync (fs.js:553:33)
    at Object.<anonymous> (D:/gitHub/blog/bin/www:21:10)
    at Module._compile (module.js:573:30)
    at loader (D:\gitHub\blog\node_modules\.6.26.0@babel-register\lib\node.js:144:5)
    at Object.require.extensions.(anonymous function) [as .js] (D:\gitHub\blog\node_modules\.6.26.0@babel-register\lib\node.js:154:7)
    at Module.load (module.js:507:32)
    at tryModuleLoad (module.js:470:12)
    at Function.Module._load (module.js:462:3)
    at Module.require (module.js:517:17)
    at require (internal/module.js:11:18)
    at module.exports (D:\gitHub\blog\node_modules\.1.5.9@runkoa\index.js:46:3)
    at Object.<anonymous> (D:\gitHub\blog\bin\run:5:18)
    at Module._compile (module.js:573:30)
    at Object.Module._extensions..js (module.js:584:10)
    at Module.load (module.js:507:32)
    at tryModuleLoad (module.js:470:12)
    at Function.Module._load (module.js:462:3)
    at Object.<anonymous> (D:\gitHub\blog\node_modules\.2.6.1@pm2\lib\ProcessContainerFork.js:70:21)
    at Module._compile (module.js:573:30)
    at Object.Module._extensions..js (module.js:584:10)
    at Module.load (module.js:507:32)
2017-08-19 18:12 +08:00: Error: ENOENT: no such file or directory, open 'D:\gitHub\blog\config\ssl\2_www.xiaobaozong.cn.key'
    at Object.fs.openSync (fs.js:652:18)
    at Object.fs.readFileSync (fs.js:553:33)
    at Object.<anonymous> (D:/gitHub/blog/bin/www:21:10)
    at Module._compile (module.js:573:30)
    at loader (D:\gitHub\blog\node_modules\.6.26.0@babel-register\lib\node.js:144:5)
    at Object.require.extensions.(anonymous function) [as .js] (D:\gitHub\blog\node_modules\.6.26.0@babel-register\lib\node.js:154:7)
    at Module.load (module.js:507:32)
    at tryModuleLoad (module.js:470:12)
    at Function.Module._load (module.js:462:3)
    at Module.require (module.js:517:17)
    at require (internal/module.js:11:18)
    at module.exports (D:\gitHub\blog\node_modules\.1.5.9@runkoa\index.js:46:3)
    at Object.<anonymous> (D:\gitHub\blog\bin\run:5:18)
    at Module._compile (module.js:573:30)
    at Object.Module._extensions..js (module.js:584:10)
    at Module.load (module.js:507:32)
    at tryModuleLoad (module.js:470:12)
    at Function.Module._load (module.js:462:3)
    at Object.<anonymous> (D:\gitHub\blog\node_modules\.2.6.1@pm2\lib\ProcessContainerFork.js:70:21)
    at Module._compile (module.js:573:30)
    at Object.Module._extensions..js (module.js:584:10)
    at Module.load (module.js:507:32)
2017-08-19 18:12 +08:00: Error: ENOENT: no such file or directory, open 'D:\gitHub\blog\config\ssl\2_www.xiaobaozong.cn.key'
    at Object.fs.openSync (fs.js:652:18)
    at Object.fs.readFileSync (fs.js:553:33)
    at Object.<anonymous> (D:/gitHub/blog/bin/www:21:10)
    at Module._compile (module.js:573:30)
    at loader (D:\gitHub\blog\node_modules\.6.26.0@babel-register\lib\node.js:144:5)
    at Object.require.extensions.(anonymous function) [as .js] (D:\gitHub\blog\node_modules\.6.26.0@babel-register\lib\node.js:154:7)
    at Module.load (module.js:507:32)
    at tryModuleLoad (module.js:470:12)
    at Function.Module._load (module.js:462:3)
    at Module.require (module.js:517:17)
    at require (internal/module.js:11:18)
    at module.exports (D:\gitHub\blog\node_modules\.1.5.9@runkoa\index.js:46:3)
    at Object.<anonymous> (D:\gitHub\blog\bin\run:5:18)
    at Module._compile (module.js:573:30)
    at Object.Module._extensions..js (module.js:584:10)
    at Module.load (module.js:507:32)
    at tryModuleLoad (module.js:470:12)
    at Function.Module._load (module.js:462:3)
    at Object.<anonymous> (D:\gitHub\blog\node_modules\.2.6.1@pm2\lib\ProcessContainerFork.js:70:21)
    at Module._compile (module.js:573:30)
    at Object.Module._extensions..js (module.js:584:10)
    at Module.load (module.js:507:32)
